2019-04-28 12:26:20,967 - BrowserEngine - INFO - select Chrome browser.
2019-04-28 12:26:20,968 - BrowserEngine - INFO - The test url is: https://uat.ormuco.com/login
2019-04-28 12:26:23,724 - BrowserEngine - INFO - Open Chrome browser.
2019-04-28 12:26:25,448 - BrowserEngine - INFO - Open url: https://uat.ormuco.com/login
2019-04-28 12:26:26,660 - BrowserEngine - INFO - Maximize the current window.
2019-04-28 12:26:26,669 - BrowserEngine - INFO - Set implicitly wait 20 seconds.
2019-04-28 12:26:27,146 - OperatePage - INFO - Refresh page .
2019-04-28 12:26:29,185 - OperatePage - INFO - Successe to find element by id via value: username 
2019-04-28 12:26:29,694 - OperatePage - INFO - input ' henrychang ' 
2019-04-28 12:26:31,716 - OperatePage - INFO - Successe to find element by id via value: password 
2019-04-28 12:26:31,936 - OperatePage - INFO - input ' ormu1234567890 ' 
2019-04-28 12:26:31,936 - TestOrmucoLogin - INFO - Username :henrychang  Password:ormu1234567890
2019-04-28 12:26:33,964 - OperatePage - INFO - Successe to find element by xpath via value: //button[contains(text(),'Sign in')] 
2019-04-28 12:26:33,978 - OperatePage - INFO - Successe to find element by xpath via value: //button[contains(text(),'Sign in')] 
2019-04-28 12:26:34,333 - OperatePage - INFO - The element ' Sign in ' was clicked.
2019-04-28 12:26:39,602 - OperatePage - INFO - Take screenshot and save to folder: D:\selenium\my_framework\screenshots\2019-04-28-12_26.png 
2019-04-28 12:26:39,633 - OperatePage - INFO - Successe to find element by xpath via value: //span[@class='warning'] 
2019-04-28 12:26:39,649 - TestOrmucoLogin - INFO - warning mesage:The user or password is incorrect.
2019-04-28 12:26:40,252 - OperatePage - INFO - Refresh page .
2019-04-28 12:26:42,305 - OperatePage - INFO - Successe to find element by id via value: username 
2019-04-28 12:26:43,202 - OperatePage - INFO - input ' henrychangdfffffffffffffffffffsfsfsddsfsfsfffdddddddddddddddddddddddddddssssssfss@gmail.com ' 
2019-04-28 12:26:45,211 - OperatePage - INFO - Successe to find element by id via value: password 
2019-04-28 12:26:45,397 - OperatePage - INFO - input ' ormu1234567890 ' 
2019-04-28 12:26:45,398 - TestOrmucoLogin - INFO - Username :henrychangdfffffffffffffffffffsfsfsddsfsfsfffdddddddddddddddddddddddddddssssssfss@gmail.com  Password:ormu1234567890
2019-04-28 12:26:47,418 - OperatePage - INFO - Successe to find element by xpath via value: //button[contains(text(),'Sign in')] 
2019-04-28 12:26:47,433 - OperatePage - INFO - Successe to find element by xpath via value: //button[contains(text(),'Sign in')] 
2019-04-28 12:26:47,534 - OperatePage - INFO - The element ' Sign in ' was clicked.
2019-04-28 12:26:52,576 - OperatePage - INFO - Take screenshot and save to folder: D:\selenium\my_framework\screenshots\2019-04-28-12_26.png 
2019-04-28 12:26:52,591 - OperatePage - INFO - Successe to find element by xpath via value: //span[@class='warning'] 
2019-04-28 12:26:52,622 - TestOrmucoLogin - INFO - warning mesage:The user or password is incorrect.
2019-04-28 12:26:53,210 - OperatePage - INFO - Refresh page .
2019-04-28 12:26:55,240 - OperatePage - INFO - Successe to find element by id via value: username 
2019-04-28 12:26:55,570 - OperatePage - INFO - input ' henrychang1413@gmail.com ' 
2019-04-28 12:26:57,599 - OperatePage - INFO - Successe to find element by id via value: password 
2019-04-28 12:26:57,784 - OperatePage - INFO - input ' ormu12345e ' 
2019-04-28 12:26:57,784 - TestOrmucoLogin - INFO - Username :henrychang1413@gmail.com  Password:ormu12345e
2019-04-28 12:26:59,822 - OperatePage - INFO - Successe to find element by xpath via value: //button[contains(text(),'Sign in')] 
2019-04-28 12:26:59,837 - OperatePage - INFO - Successe to find element by xpath via value: //button[contains(text(),'Sign in')] 
2019-04-28 12:26:59,951 - OperatePage - INFO - The element ' Sign in ' was clicked.
2019-04-28 12:27:05,037 - OperatePage - INFO - Take screenshot and save to folder: D:\selenium\my_framework\screenshots\2019-04-28-12_27.png 
2019-04-28 12:27:05,050 - OperatePage - INFO - Successe to find element by xpath via value: //span[@class='warning'] 
2019-04-28 12:27:05,073 - TestOrmucoLogin - INFO - warning mesage:The user or password is incorrect.
2019-04-28 12:27:05,612 - OperatePage - INFO - Refresh page .
2019-04-28 12:27:07,628 - OperatePage - INFO - Successe to find element by id via value: username 
2019-04-28 12:27:07,978 - OperatePage - INFO - input ' henrychang1413@gmail.com ' 
2019-04-28 12:27:09,996 - OperatePage - INFO - Successe to find element by id via value: password 
2019-04-28 12:27:10,720 - OperatePage - INFO - input ' ormu123!!!!.....&&&&&&2342______!!!!!#####sljslafldajflasjdlsjlsajlsfsdfsfffdsfsdfsdfsfsfsgrhh45e ' 
2019-04-28 12:27:10,721 - TestOrmucoLogin - INFO - Username :henrychang1413@gmail.com  Password:ormu123!!!!.....&&&&&&2342______!!!!!#####sljslafldajflasjdlsjlsajlsfsdfsfffdsfsdfsdfsfsfsgrhh45e
2019-04-28 12:27:12,756 - OperatePage - INFO - Successe to find element by xpath via value: //button[contains(text(),'Sign in')] 
2019-04-28 12:27:12,787 - OperatePage - INFO - Successe to find element by xpath via value: //button[contains(text(),'Sign in')] 
2019-04-28 12:27:12,922 - OperatePage - INFO - The element ' Sign in ' was clicked.
2019-04-28 12:27:17,950 - OperatePage - INFO - Take screenshot and save to folder: D:\selenium\my_framework\screenshots\2019-04-28-12_27.png 
2019-04-28 12:27:17,950 - OperatePage - INFO - Successe to find element by xpath via value: //span[@class='warning'] 
2019-04-28 12:27:17,982 - TestOrmucoLogin - INFO - warning mesage:The user or password is incorrect.
2019-04-28 12:27:18,669 - OperatePage - INFO - Refresh page .
2019-04-28 12:27:20,698 - OperatePage - INFO - Successe to find element by id via value: username 
2019-04-28 12:27:21,038 - OperatePage - INFO - input ' henrychang1413@gmail.com ' 
2019-04-28 12:27:21,052 - OperatePage - INFO - Successe to find element by id via value: password 
2019-04-28 12:27:21,232 - OperatePage - INFO - input ' ormu1234567890 ' 
2019-04-28 12:27:21,232 - TestOrmucoLogin - INFO - Username :henrychang1413@gmail.com  Password:ormu1234567890
2019-04-28 12:27:23,257 - OperatePage - INFO - Successe to find element by xpath via value: //button[contains(text(),'Sign in')] 
2019-04-28 12:27:23,289 - OperatePage - INFO - Successe to find element by xpath via value: //button[contains(text(),'Sign in')] 
2019-04-28 12:27:23,410 - OperatePage - INFO - The element ' Sign in ' was clicked.
2019-04-28 12:27:31,816 - OperatePage - INFO - Take screenshot and save to folder: D:\selenium\my_framework\screenshots\2019-04-28-12_27.png 
2019-04-28 12:27:31,825 - OperatePage - INFO - Current page title is Portal - Ormuco
2019-04-28 12:27:31,836 - OperatePage - INFO - Current page title is Portal - Ormuco
2019-04-28 12:27:31,845 - TestOrmucoLogin - INFO - Portal - Ormuco
2019-04-28 12:27:31,866 - OperatePage - INFO - Successe to find element by xpath via value: //*[@id='portal_main_scroll_content']/div/div[1]/h1 
2019-04-28 12:27:31,896 - TestOrmucoLogin - INFO - welcome mesage:Welcome to your Ormuco Cloud Portal!
